SQLAllocHandle Env 0x0
new env 0x7fbd24700250
SQLSetEnvAttr 0x7fbd24700250 SQL_ATTR_ODBC_VERSION 0x3 0
SQLGetEnvAttr 0x7fbd24700250 SQL_ATTR_ODBC_VERSION 0x7ffee227b4e0 0 0x0
Writing 4 bytes of type SQLINTEGER to 0x7ffee227b4e0
SQLAllocHandle Dbc 0x7fbd24700250
new dbc 0x7fbd24600c30
SQLDriverConnect 0x7fbd24600c30 "Driver=MonetDB;HOST=localhost;PORT=50000;Database=access_logs;UID=monetdb;PWD=monetdb" SQL_DRIVER_NOPROMPT
SQLConnect: DSN=(null) UID=monetdb PWD=monetdb host=localhost port=50000 database=access_logs
ConnectionString: "DSN=DEFAULT;UID=monetdb;PWD=monetdb;HOST=localhost;PORT=50000;DATABASE=access_logs;" 2048
SQLGetFunctions 0x7fbd24600c30 SQL_API_ODBC3_ALL_FUNCTIONS
SQLAllocStmt 0x7fbd24600c30
new stmt 0x7fbd24402b20
SQLGetStmtAttr 0x7fbd24402b20 SQL_ATTR_APP_ROW_DESC 0x7ffee2282a10 8 0x0
Writing 8 bytes of type SQLHANDLE to 0x7ffee2282a10
SQLGetStmtAttr 0x7fbd24402b20 SQL_ATTR_APP_PARAM_DESC 0x7ffee2282a10 8 0x0
Writing 8 bytes of type SQLHANDLE to 0x7ffee2282a10
SQLGetStmtAttr 0x7fbd24402b20 SQL_ATTR_IMP_ROW_DESC 0x7ffee2282a10 8 0x0
Writing 8 bytes of type SQLHANDLE to 0x7ffee2282a10
SQLGetStmtAttr 0x7fbd24402b20 SQL_ATTR_IMP_PARAM_DESC 0x7ffee2282a10 8 0x0
Writing 8 bytes of type SQLHANDLE to 0x7ffee2282a10
SQLPrepare 0x7fbd24402b20
SQLPrepare: "select 'Lorem ipsum dolor sit amet, consectetur adipiscing elit. Donec magna ligula, sollicitudin nec ultricies sit amet, luctus id est. Nunc cursus pellentesque blandit. Nullam dolor nulla, cursus cursus mattis id, scelerisque eu nisl. Vivamus ornare metus nullam.'"
SQLExecute 0x7fbd24402b20
SQLExecute 0x7fbd24402b20 execute 7 ()
ODBCInitResult: querytype Q_TABLE, rowcount 1
SQLNumResultCols 0x7fbd24402b20
SQLDescribeCol 0x7fbd24402b20 1 0x7ffee227f1cc 512 0x7ffee227f3cc 0x7ffee227f3ce 0x7ffee227f3d0 0x7ffee227f3d8 0x7ffee227f3da
SQLFreeStmt 0x7fbd24402b20 SQL_RESET_PARAMS
SQLFetch 0x7fbd24402b20
SQLGetData 0x7fbd24402b20 1 SQL_C_WCHAR 0x10e423000 512 0x7ffee2283408
Writing 514 bytes to 0x10e423000
SQLFreeHandle Stmt 0x7fbd24402b20
SQLDisconnect 0x7fbd24600c30
SQLFreeHandle Dbc 0x7fbd24600c30
SQLFreeHandle Env 0x7fbd24700250
SQLAllocHandle Env 0x0
new env 0x7fb636100090
SQLSetEnvAttr 0x7fb636100090 SQL_ATTR_ODBC_VERSION 0x3 0
SQLGetEnvAttr 0x7fb636100090 SQL_ATTR_ODBC_VERSION 0x7ffeef5d54d0 0 0x0
Writing 4 bytes of type SQLINTEGER to 0x7ffeef5d54d0
SQLAllocHandle Dbc 0x7fb636100090
new dbc 0x7fb636200000
SQLDriverConnect 0x7fb636200000 "Driver=MonetDB;HOST=localhost;PORT=50000;Database=access_logs;UID=monetdb;PWD=monetdb" SQL_DRIVER_NOPROMPT
SQLConnect: DSN=(null) UID=monetdb PWD=monetdb host=localhost port=50000 database=access_logs
ConnectionString: "DSN=DEFAULT;UID=monetdb;PWD=monetdb;HOST=localhost;PORT=50000;DATABASE=access_logs;" 2048
SQLGetFunctions 0x7fb636200000 SQL_API_ODBC3_ALL_FUNCTIONS
SQLAllocStmt 0x7fb636200000
new stmt 0x7fb633503580
SQLGetStmtAttr 0x7fb633503580 SQL_ATTR_APP_ROW_DESC 0x7ffeef5dca00 8 0x0
Writing 8 bytes of type SQLHANDLE to 0x7ffeef5dca00
SQLGetStmtAttr 0x7fb633503580 SQL_ATTR_APP_PARAM_DESC 0x7ffeef5dca00 8 0x0
Writing 8 bytes of type SQLHANDLE to 0x7ffeef5dca00
SQLGetStmtAttr 0x7fb633503580 SQL_ATTR_IMP_ROW_DESC 0x7ffeef5dca00 8 0x0
Writing 8 bytes of type SQLHANDLE to 0x7ffeef5dca00
SQLGetStmtAttr 0x7fb633503580 SQL_ATTR_IMP_PARAM_DESC 0x7ffeef5dca00 8 0x0
Writing 8 bytes of type SQLHANDLE to 0x7ffeef5dca00
SQLPrepare 0x7fb633503580
SQLPrepare: "select 'Lorem ipsum dolor sit amet, consectetur adipiscing elit. Donec magna ligula, sollicitudin nec ultricies sit amet, luctus id est. Nunc cursus pellentesque blandit. Nullam dolor nulla, cursus cursus mattis id, scelerisque eu nisl. Vivamus ornare metus nullam.'"
SQLExecute 0x7fb633503580
SQLExecute 0x7fb633503580 execute 7 ()
ODBCInitResult: querytype Q_TABLE, rowcount 1
SQLNumResultCols 0x7fb633503580
SQLDescribeCol 0x7fb633503580 1 0x7ffeef5d91bc 512 0x7ffeef5d93bc 0x7ffeef5d93be 0x7ffeef5d93c0 0x7ffeef5d93c8 0x7ffeef5d93ca
SQLFreeStmt 0x7fb633503580 SQL_RESET_PARAMS
SQLFetch 0x7fb633503580
SQLGetData 0x7fb633503580 1 SQL_C_WCHAR 0x101023000 512 0x7ffeef5dd3f8
Writing 514 bytes to 0x101023000
SQLFreeHandle Stmt 0x7fb633503580
SQLDisconnect 0x7fb636200000
SQLFreeHandle Dbc 0x7fb636200000
SQLFreeHandle Env 0x7fb636100090
SQLAllocHandle Env 0x0
new env 0x7fa390800000
SQLSetEnvAttr 0x7fa390800000 SQL_ATTR_ODBC_VERSION 0x3 0
SQLGetEnvAttr 0x7fa390800000 SQL_ATTR_ODBC_VERSION 0x7ffee07564c0 0 0x0
Writing 4 bytes of type SQLINTEGER to 0x7ffee07564c0
SQLAllocHandle Dbc 0x7fa390800000
new dbc 0x7fa390800030
SQLDriverConnect 0x7fa390800030 "Driver=MonetDB;HOST=localhost;PORT=50000;Database=access_logs;UID=monetdb;PWD=monetdb" SQL_DRIVER_NOPROMPT
SQLConnect: DSN=(null) UID=monetdb PWD=monetdb host=localhost port=50000 database=access_logs
ConnectionString: "DSN=DEFAULT;UID=monetdb;PWD=monetdb;HOST=localhost;PORT=50000;DATABASE=access_logs;" 2048
SQLGetFunctions 0x7fa390800030 SQL_API_ODBC3_ALL_FUNCTIONS
SQLAllocStmt 0x7fa390800030
new stmt 0x7fa390801050
SQLGetStmtAttr 0x7fa390801050 SQL_ATTR_APP_ROW_DESC 0x7ffee075d9f0 8 0x0
Writing 8 bytes of type SQLHANDLE to 0x7ffee075d9f0
SQLGetStmtAttr 0x7fa390801050 SQL_ATTR_APP_PARAM_DESC 0x7ffee075d9f0 8 0x0
Writing 8 bytes of type SQLHANDLE to 0x7ffee075d9f0
SQLGetStmtAttr 0x7fa390801050 SQL_ATTR_IMP_ROW_DESC 0x7ffee075d9f0 8 0x0
Writing 8 bytes of type SQLHANDLE to 0x7ffee075d9f0
SQLGetStmtAttr 0x7fa390801050 SQL_ATTR_IMP_PARAM_DESC 0x7ffee075d9f0 8 0x0
Writing 8 bytes of type SQLHANDLE to 0x7ffee075d9f0
SQLPrepare 0x7fa390801050
SQLPrepare: "select CAST('Lorem ipsum dolor sit amet, consectetur adipiscing elit. Donec magna ligula, sollicitudin nec ultricies sit amet, luctus id est. Nunc cursus pellentesque blandit. Nullam dolor nulla, cursus cursus mattis id, scelerisque eu nisl. Vivamus ornare metus nullam.' AS WCHAR)"
addStmtError 0x7fa390801050 22000 Type (wchar) unknown in: "prepare select cast('Lorem ipsum dolor sit amet, consectetur adipiscing elit. Do"
 0
SQLError 0x0 0x0 0x7fa390801050
SQLError 0x0 0x0 0x7fa390801050
SQLFreeHandle Stmt 0x7fa390801050
SQLDisconnect 0x7fa390800030
SQLFreeHandle Dbc 0x7fa390800030
SQLFreeHandle Env 0x7fa390800000
SQLAllocHandle Env 0x0
new env 0x7ffa96f00090
SQLSetEnvAttr 0x7ffa96f00090 SQL_ATTR_ODBC_VERSION 0x3 0
SQLGetEnvAttr 0x7ffa96f00090 SQL_ATTR_ODBC_VERSION 0x7ffeeac824c0 0 0x0
Writing 4 bytes of type SQLINTEGER to 0x7ffeeac824c0
SQLAllocHandle Dbc 0x7ffa96f00090
new dbc 0x7ffa96f000c0
SQLDriverConnect 0x7ffa96f000c0 "Driver=MonetDB;HOST=localhost;PORT=50000;Database=access_logs;UID=monetdb;PWD=monetdb" SQL_DRIVER_NOPROMPT
SQLConnect: DSN=(null) UID=monetdb PWD=monetdb host=localhost port=50000 database=access_logs
ConnectionString: "DSN=DEFAULT;UID=monetdb;PWD=monetdb;HOST=localhost;PORT=50000;DATABASE=access_logs;" 2048
SQLGetFunctions 0x7ffa96f000c0 SQL_API_ODBC3_ALL_FUNCTIONS
SQLAllocStmt 0x7ffa96f000c0
new stmt 0x7ffa96c00af0
SQLGetStmtAttr 0x7ffa96c00af0 SQL_ATTR_APP_ROW_DESC 0x7ffeeac899f0 8 0x0
Writing 8 bytes of type SQLHANDLE to 0x7ffeeac899f0
SQLGetStmtAttr 0x7ffa96c00af0 SQL_ATTR_APP_PARAM_DESC 0x7ffeeac899f0 8 0x0
Writing 8 bytes of type SQLHANDLE to 0x7ffeeac899f0
SQLGetStmtAttr 0x7ffa96c00af0 SQL_ATTR_IMP_ROW_DESC 0x7ffeeac899f0 8 0x0
Writing 8 bytes of type SQLHANDLE to 0x7ffeeac899f0
SQLGetStmtAttr 0x7ffa96c00af0 SQL_ATTR_IMP_PARAM_DESC 0x7ffeeac899f0 8 0x0
Writing 8 bytes of type SQLHANDLE to 0x7ffeeac899f0
SQLPrepare 0x7ffa96c00af0
SQLPrepare: "select CAST('Lorem ipsum dolor sit amet, consectetur adipiscing elit. Donec magna ligula, sollicitudin nec ultricies sit amet, luctus id est. Nunc cursus pellentesque blandit. Nullam dolor nulla, cursus cursus mattis id, scelerisque eu nisl. Vivamus ornare metus nullam.' AS VARCHAR)"
addStmtError 0x7ffa96c00af0 42000 CHARACTER VARYING needs a mandatory length specification in: "prepare select cast('Lorem ipsum dolor sit amet, consectetur adipiscing elit. Do"
 0
SQLError 0x0 0x0 0x7ffa96c00af0
SQLError 0x0 0x0 0x7ffa96c00af0
SQLFreeHandle Stmt 0x7ffa96c00af0
SQLDisconnect 0x7ffa96f000c0
SQLFreeHandle Dbc 0x7ffa96f000c0
SQLFreeHandle Env 0x7ffa96f00090
SQLAllocHandle Env 0x0
new env 0x7f8c0f800090
SQLSetEnvAttr 0x7f8c0f800090 SQL_ATTR_ODBC_VERSION 0x3 0
SQLGetEnvAttr 0x7f8c0f800090 SQL_ATTR_ODBC_VERSION 0x7ffee1f824c0 0 0x0
Writing 4 bytes of type SQLINTEGER to 0x7ffee1f824c0
SQLAllocHandle Dbc 0x7f8c0f800090
new dbc 0x7f8c0f900000
SQLDriverConnect 0x7f8c0f900000 "Driver=MonetDB;HOST=localhost;PORT=50000;Database=access_logs;UID=monetdb;PWD=monetdb" SQL_DRIVER_NOPROMPT
SQLConnect: DSN=(null) UID=monetdb PWD=monetdb host=localhost port=50000 database=access_logs
ConnectionString: "DSN=DEFAULT;UID=monetdb;PWD=monetdb;HOST=localhost;PORT=50000;DATABASE=access_logs;" 2048
SQLGetFunctions 0x7f8c0f900000 SQL_API_ODBC3_ALL_FUNCTIONS
SQLAllocStmt 0x7f8c0f900000
new stmt 0x7f8c0f9003f0
SQLGetStmtAttr 0x7f8c0f9003f0 SQL_ATTR_APP_ROW_DESC 0x7ffee1f899f0 8 0x0
Writing 8 bytes of type SQLHANDLE to 0x7ffee1f899f0
SQLGetStmtAttr 0x7f8c0f9003f0 SQL_ATTR_APP_PARAM_DESC 0x7ffee1f899f0 8 0x0
Writing 8 bytes of type SQLHANDLE to 0x7ffee1f899f0
SQLGetStmtAttr 0x7f8c0f9003f0 SQL_ATTR_IMP_ROW_DESC 0x7ffee1f899f0 8 0x0
Writing 8 bytes of type SQLHANDLE to 0x7ffee1f899f0
SQLGetStmtAttr 0x7f8c0f9003f0 SQL_ATTR_IMP_PARAM_DESC 0x7ffee1f899f0 8 0x0
Writing 8 bytes of type SQLHANDLE to 0x7ffee1f899f0
SQLPrepare 0x7f8c0f9003f0
SQLPrepare: "select CAST('Lorem ipsum dolor sit amet, consectetur adipiscing elit. Donec magna ligula, sollicitudin nec ultricies sit amet, luctus id est. Nunc cursus pellentesque blandit. Nullam dolor nulla, cursus cursus mattis id, scelerisque eu nisl. Vivamus ornare metus nullam.' AS STRING)"
SQLExecute 0x7f8c0f9003f0
SQLExecute 0x7f8c0f9003f0 execute 7 ()
ODBCInitResult: querytype Q_TABLE, rowcount 1
SQLNumResultCols 0x7f8c0f9003f0
SQLDescribeCol 0x7f8c0f9003f0 1 0x7ffee1f861ac 512 0x7ffee1f863ac 0x7ffee1f863ae 0x7ffee1f863b0 0x7ffee1f863b8 0x7ffee1f863ba
SQLFreeStmt 0x7f8c0f9003f0 SQL_RESET_PARAMS
SQLFetch 0x7f8c0f9003f0
SQLGetData 0x7f8c0f9003f0 1 SQL_C_WCHAR 0x10e623000 512 0x7ffee1f8a3e8
Writing 514 bytes to 0x10e623000
SQLFreeHandle Stmt 0x7f8c0f9003f0
SQLDisconnect 0x7f8c0f900000
SQLFreeHandle Dbc 0x7f8c0f900000
SQLFreeHandle Env 0x7f8c0f800090
SQLAllocHandle Env 0x0
new env 0x7fc45b000050
SQLSetEnvAttr 0x7fc45b000050 SQL_ATTR_ODBC_VERSION 0x3 0
SQLGetEnvAttr 0x7fc45b000050 SQL_ATTR_ODBC_VERSION 0x7ffeede9a4d0 0 0x0
Writing 4 bytes of type SQLINTEGER to 0x7ffeede9a4d0
SQLAllocHandle Dbc 0x7fc45b000050
new dbc 0x7fc459d002e0
SQLDriverConnect 0x7fc459d002e0 "Driver=MonetDB;HOST=localhost;PORT=50000;Database=access_logs;UID=monetdb;PWD=monetdb" SQL_DRIVER_NOPROMPT
SQLConnect: DSN=(null) UID=monetdb PWD=monetdb host=localhost port=50000 database=access_logs
ConnectionString: "DSN=DEFAULT;UID=monetdb;PWD=monetdb;HOST=localhost;PORT=50000;DATABASE=access_logs;" 2048
SQLGetFunctions 0x7fc459d002e0 SQL_API_ODBC3_ALL_FUNCTIONS
SQLAllocStmt 0x7fc459d002e0
new stmt 0x7fc459c03fd0
SQLGetStmtAttr 0x7fc459c03fd0 SQL_ATTR_APP_ROW_DESC 0x7ffeedea1a00 8 0x0
Writing 8 bytes of type SQLHANDLE to 0x7ffeedea1a00
SQLGetStmtAttr 0x7fc459c03fd0 SQL_ATTR_APP_PARAM_DESC 0x7ffeedea1a00 8 0x0
Writing 8 bytes of type SQLHANDLE to 0x7ffeedea1a00
SQLGetStmtAttr 0x7fc459c03fd0 SQL_ATTR_IMP_ROW_DESC 0x7ffeedea1a00 8 0x0
Writing 8 bytes of type SQLHANDLE to 0x7ffeedea1a00
SQLGetStmtAttr 0x7fc459c03fd0 SQL_ATTR_IMP_PARAM_DESC 0x7ffeedea1a00 8 0x0
Writing 8 bytes of type SQLHANDLE to 0x7ffeedea1a00
SQLPrepare 0x7fc459c03fd0
SQLPrepare: "select 'Lorem ipsum dolor sit amet, consectetur adipiscing elit. Donec magna ligula, sollicitudin nec ultricies sit amet, luctus id est. Nunc cursus pellentesque blandit. Nullam dolor nulla, cursus cursus mattis id, scelerisque eu nisl. Vivamus ornare metus nullam.'"
SQLExecute 0x7fc459c03fd0
SQLExecute 0x7fc459c03fd0 execute 7 ()
ODBCInitResult: querytype Q_TABLE, rowcount 1
SQLNumResultCols 0x7fc459c03fd0
SQLDescribeCol 0x7fc459c03fd0 1 0x7ffeede9e1bc 512 0x7ffeede9e3bc 0x7ffeede9e3be 0x7ffeede9e3c0 0x7ffeede9e3c8 0x7ffeede9e3ca
SQLFreeStmt 0x7fc459c03fd0 SQL_RESET_PARAMS
SQLFetch 0x7fc459c03fd0
SQLGetData 0x7fc459c03fd0 1 SQL_C_WCHAR 0x102823000 512 0x7ffeedea23f8
Writing 514 bytes to 0x102823000
SQLFreeHandle Stmt 0x7fc459c03fd0
SQLDisconnect 0x7fc459d002e0
SQLFreeHandle Dbc 0x7fc459d002e0
SQLFreeHandle Env 0x7fc45b000050
SQLAllocHandle Env 0x0
new env 0x7ff28e700320
SQLSetEnvAttr 0x7ff28e700320 SQL_ATTR_ODBC_VERSION 0x3 0
SQLGetEnvAttr 0x7ff28e700320 SQL_ATTR_ODBC_VERSION 0x7ffee97814c0 0 0x0
Writing 4 bytes of type SQLINTEGER to 0x7ffee97814c0
SQLAllocHandle Dbc 0x7ff28e700320
new dbc 0x7ff290000050
SQLDriverConnect 0x7ff290000050 "Driver=MonetDB;HOST=localhost;PORT=50000;Database=access_logs;UID=monetdb;PWD=monetdb" SQL_DRIVER_NOPROMPT
SQLConnect: DSN=(null) UID=monetdb PWD=monetdb host=localhost port=50000 database=access_logs
ConnectionString: "DSN=DEFAULT;UID=monetdb;PWD=monetdb;HOST=localhost;PORT=50000;DATABASE=access_logs;" 2048
SQLGetFunctions 0x7ff290000050 SQL_API_ODBC3_ALL_FUNCTIONS
SQLAllocStmt 0x7ff290000050
new stmt 0x7ff290100a80
SQLGetStmtAttr 0x7ff290100a80 SQL_ATTR_APP_ROW_DESC 0x7ffee97889f0 8 0x0
Writing 8 bytes of type SQLHANDLE to 0x7ffee97889f0
SQLGetStmtAttr 0x7ff290100a80 SQL_ATTR_APP_PARAM_DESC 0x7ffee97889f0 8 0x0
Writing 8 bytes of type SQLHANDLE to 0x7ffee97889f0
SQLGetStmtAttr 0x7ff290100a80 SQL_ATTR_IMP_ROW_DESC 0x7ffee97889f0 8 0x0
Writing 8 bytes of type SQLHANDLE to 0x7ffee97889f0
SQLGetStmtAttr 0x7ff290100a80 SQL_ATTR_IMP_PARAM_DESC 0x7ffee97889f0 8 0x0
Writing 8 bytes of type SQLHANDLE to 0x7ffee97889f0
SQLPrepare 0x7ff290100a80
SQLPrepare: "select CAST('Lorem ipsum dolor sit amet, consectetur adipiscing elit. Donec magna ligula, sollicitudin nec ultricies sit amet, luctus id est. Nunc cursus pellentesque blandit. Nullam dolor nulla, cursus cursus mattis id, scelerisque eu nisl. Vivamus ornare metus nullam.' AS STRING)"
SQLExecute 0x7ff290100a80
SQLExecute 0x7ff290100a80 execute 7 ()
ODBCInitResult: querytype Q_TABLE, rowcount 1
SQLNumResultCols 0x7ff290100a80
SQLDescribeCol 0x7ff290100a80 1 0x7ffee97851ac 512 0x7ffee97853ac 0x7ffee97853ae 0x7ffee97853b0 0x7ffee97853b8 0x7ffee97853ba
SQLFreeStmt 0x7ff290100a80 SQL_RESET_PARAMS
SQLFetch 0x7ff290100a80
SQLGetData 0x7ff290100a80 1 SQL_C_WCHAR 0x106e23000 512 0x7ffee97893e8
Writing 514 bytes to 0x106e23000
SQLFreeHandle Stmt 0x7ff290100a80
SQLDisconnect 0x7ff290000050
SQLFreeHandle Dbc 0x7ff290000050
SQLFreeHandle Env 0x7ff28e700320
SQLAllocHandle Env 0x0
new env 0x7f8623402c80
SQLSetEnvAttr 0x7f8623402c80 SQL_ATTR_ODBC_VERSION 0x3 0
SQLGetEnvAttr 0x7f8623402c80 SQL_ATTR_ODBC_VERSION 0x7ffee06684d0 0 0x0
Writing 4 bytes of type SQLINTEGER to 0x7ffee06684d0
SQLAllocHandle Dbc 0x7f8623402c80
new dbc 0x7f8623402cb0
SQLDriverConnect 0x7f8623402cb0 "Driver=MonetDB;HOST=localhost;PORT=50000;Database=access_logs;UID=monetdb;PWD=monetdb" SQL_DRIVER_NOPROMPT
SQLConnect: DSN=(null) UID=monetdb PWD=monetdb host=localhost port=50000 database=access_logs
ConnectionString: "DSN=DEFAULT;UID=monetdb;PWD=monetdb;HOST=localhost;PORT=50000;DATABASE=access_logs;" 2048
SQLGetFunctions 0x7f8623402cb0 SQL_API_ODBC3_ALL_FUNCTIONS
SQLAllocStmt 0x7f8623402cb0
new stmt 0x7f8623501c00
SQLGetStmtAttr 0x7f8623501c00 SQL_ATTR_APP_ROW_DESC 0x7ffee066fa00 8 0x0
Writing 8 bytes of type SQLHANDLE to 0x7ffee066fa00
SQLGetStmtAttr 0x7f8623501c00 SQL_ATTR_APP_PARAM_DESC 0x7ffee066fa00 8 0x0
Writing 8 bytes of type SQLHANDLE to 0x7ffee066fa00
SQLGetStmtAttr 0x7f8623501c00 SQL_ATTR_IMP_ROW_DESC 0x7ffee066fa00 8 0x0
Writing 8 bytes of type SQLHANDLE to 0x7ffee066fa00
SQLGetStmtAttr 0x7f8623501c00 SQL_ATTR_IMP_PARAM_DESC 0x7ffee066fa00 8 0x0
Writing 8 bytes of type SQLHANDLE to 0x7ffee066fa00
SQLPrepare 0x7f8623501c00
SQLPrepare: "select 'Lorem ipsum dolor sit amet, consectetur adipiscing elit. Donec magna ligula, sollicitudin nec ultricies sit amet, luctus id est. Nunc cursus pellentesque blandit. Nullam dolor nulla, cursus cursus mattis id, scelerisque eu nisl. Vivamus ornare metus nullam.'"
SQLExecute 0x7f8623501c00
SQLExecute 0x7f8623501c00 execute 7 ()
ODBCInitResult: querytype Q_TABLE, rowcount 1
SQLNumResultCols 0x7f8623501c00
SQLDescribeCol 0x7f8623501c00 1 0x7ffee066c1bc 512 0x7ffee066c3bc 0x7ffee066c3be 0x7ffee066c3c0 0x7ffee066c3c8 0x7ffee066c3ca
SQLFreeStmt 0x7f8623501c00 SQL_RESET_PARAMS
SQLFetch 0x7f8623501c00
SQLGetData 0x7f8623501c00 1 SQL_C_WCHAR 0x110023000 512 0x7ffee06703f8
Writing 514 bytes to 0x110023000
SQLFreeHandle Stmt 0x7f8623501c00
SQLDisconnect 0x7f8623402cb0
SQLFreeHandle Dbc 0x7f8623402cb0
SQLFreeHandle Env 0x7f8623402c80
SQLAllocHandle Env 0x0
new env 0x7fc1d4600120
SQLSetEnvAttr 0x7fc1d4600120 SQL_ATTR_ODBC_VERSION 0x3 0
SQLGetEnvAttr 0x7fc1d4600120 SQL_ATTR_ODBC_VERSION 0x7ffee54a54d0 0 0x0
Writing 4 bytes of type SQLINTEGER to 0x7ffee54a54d0
SQLAllocHandle Dbc 0x7fc1d4600120
new dbc 0x7fc1d4700000
SQLDriverConnect 0x7fc1d4700000 "Driver=MonetDB;HOST=localhost;PORT=50000;Database=access_logs;UID=monetdb;PWD=monetdb" SQL_DRIVER_NOPROMPT
SQLConnect: DSN=(null) UID=monetdb PWD=monetdb host=localhost port=50000 database=access_logs
ConnectionString: "DSN=DEFAULT;UID=monetdb;PWD=monetdb;HOST=localhost;PORT=50000;DATABASE=access_logs;" 2048
SQLGetFunctions 0x7fc1d4700000 SQL_API_ODBC3_ALL_FUNCTIONS
SQLAllocStmt 0x7fc1d4700000
new stmt 0x7fc1d44020f0
SQLGetStmtAttr 0x7fc1d44020f0 SQL_ATTR_APP_ROW_DESC 0x7ffee54aca00 8 0x0
Writing 8 bytes of type SQLHANDLE to 0x7ffee54aca00
SQLGetStmtAttr 0x7fc1d44020f0 SQL_ATTR_APP_PARAM_DESC 0x7ffee54aca00 8 0x0
Writing 8 bytes of type SQLHANDLE to 0x7ffee54aca00
SQLGetStmtAttr 0x7fc1d44020f0 SQL_ATTR_IMP_ROW_DESC 0x7ffee54aca00 8 0x0
Writing 8 bytes of type SQLHANDLE to 0x7ffee54aca00
SQLGetStmtAttr 0x7fc1d44020f0 SQL_ATTR_IMP_PARAM_DESC 0x7ffee54aca00 8 0x0
Writing 8 bytes of type SQLHANDLE to 0x7ffee54aca00
SQLPrepare 0x7fc1d44020f0
SQLPrepare: "select 'Lorem ipsum dolor sit amet, consectetur adipiscing elit. Donec magna ligula, sollicitudin nec ultricies sit amet, luctus id est. Nunc cursus pellentesque blandit. Nullam dolor nulla, cursus cursus mattis id, scelerisque eu nisl. Vivamus ornare metus nullam.'"
SQLExecute 0x7fc1d44020f0
SQLExecute 0x7fc1d44020f0 execute 7 ()
ODBCInitResult: querytype Q_TABLE, rowcount 1
SQLNumResultCols 0x7fc1d44020f0
SQLDescribeCol 0x7fc1d44020f0 1 0x7ffee54a91bc 512 0x7ffee54a93bc 0x7ffee54a93be 0x7ffee54a93c0 0x7ffee54a93c8 0x7ffee54a93ca
SQLFreeStmt 0x7fc1d44020f0 SQL_RESET_PARAMS
SQLFetch 0x7fc1d44020f0
SQLGetData 0x7fc1d44020f0 1 SQL_C_WCHAR 0x10b223000 512 0x7ffee54ad3f8
Writing 514 bytes to 0x10b223000
SQLFreeHandle Stmt 0x7fc1d44020f0
SQLDisconnect 0x7fc1d4700000
SQLFreeHandle Dbc 0x7fc1d4700000
SQLFreeHandle Env 0x7fc1d4600120
SQLAllocHandle Env 0x0
new env 0x7f9278100060
SQLSetEnvAttr 0x7f9278100060 SQL_ATTR_ODBC_VERSION 0x3 0
SQLGetEnvAttr 0x7f9278100060 SQL_ATTR_ODBC_VERSION 0x7ffee58e9610 0 0x0
Writing 4 bytes of type SQLINTEGER to 0x7ffee58e9610
SQLAllocHandle Dbc 0x7f9278100060
new dbc 0x7f9275e00580
SQLDriverConnect 0x7f9275e00580 "Driver=MonetDB;HOST=localhost;PORT=50000;Database=access_logs;UID=monetdb;PWD=monetdb" SQL_DRIVER_NOPROMPT
SQLConnect: DSN=(null) UID=monetdb PWD=monetdb host=localhost port=50000 database=access_logs
addDbcError 0x7f9275e00580 08001 Client unable to establish connection 0
SQLError 0x0 0x7f9275e00580 0x0
SQLError 0x0 0x7f9275e00580 0x0
SQLFreeHandle Dbc 0x7f9275e00580
SQLFreeHandle Env 0x7f9278100060
SQLAllocHandle Env 0x0
new env 0x7ff934e00070
SQLSetEnvAttr 0x7ff934e00070 SQL_ATTR_ODBC_VERSION 0x3 0
SQLGetEnvAttr 0x7ff934e00070 SQL_ATTR_ODBC_VERSION 0x7ffeebf8f610 0 0x0
Writing 4 bytes of type SQLINTEGER to 0x7ffeebf8f610
SQLAllocHandle Dbc 0x7ff934e00070
new dbc 0x7ff934e000a0
SQLDriverConnect 0x7ff934e000a0 "Driver=MonetDB;HOST=localhost;PORT=50000;Database=access_logs;UID=monetdb;PWD=monetdb" SQL_DRIVER_NOPROMPT
SQLConnect: DSN=(null) UID=monetdb PWD=monetdb host=localhost port=50000 database=access_logs
ConnectionString: "DSN=DEFAULT;UID=monetdb;PWD=monetdb;HOST=localhost;PORT=50000;DATABASE=access_logs;" 2048
SQLGetFunctions 0x7ff934e000a0 SQL_API_ODBC3_ALL_FUNCTIONS
SQLAllocStmt 0x7ff934e000a0
new stmt 0x7ff934d01690
SQLGetStmtAttr 0x7ff934d01690 SQL_ATTR_APP_ROW_DESC 0x7ffeebf96b40 8 0x0
Writing 8 bytes of type SQLHANDLE to 0x7ffeebf96b40
SQLGetStmtAttr 0x7ff934d01690 SQL_ATTR_APP_PARAM_DESC 0x7ffeebf96b40 8 0x0
Writing 8 bytes of type SQLHANDLE to 0x7ffeebf96b40
SQLGetStmtAttr 0x7ff934d01690 SQL_ATTR_IMP_ROW_DESC 0x7ffeebf96b40 8 0x0
Writing 8 bytes of type SQLHANDLE to 0x7ffeebf96b40
SQLGetStmtAttr 0x7ff934d01690 SQL_ATTR_IMP_PARAM_DESC 0x7ffeebf96b40 8 0x0
Writing 8 bytes of type SQLHANDLE to 0x7ffeebf96b40
SQLPrepare 0x7ff934d01690
SQLPrepare: "select 'Lorem ipsum dolor sit amet, consectetur adipiscing elit. Donec magna ligula, sollicitudin nec ultricies sit amet, luctus id est. Nunc cursus pellentesque blandit. Nullam dolor nulla, cursus cursus mattis id, scelerisque eu nisl. Vivamus ornare metus nullam.'"
SQLExecute 0x7ff934d01690
SQLExecute 0x7ff934d01690 execute 7 ()
ODBCInitResult: querytype Q_TABLE, rowcount 1
SQLNumResultCols 0x7ff934d01690
SQLDescribeCol 0x7ff934d01690 1 0x7ffeebf932fc 512 0x7ffeebf934fc 0x7ffeebf934fe 0x7ffeebf93500 0x7ffeebf93508 0x7ffeebf9350a
SQLFreeStmt 0x7ff934d01690 SQL_RESET_PARAMS
SQLFetch 0x7ff934d01690
SQLGetData 0x7ff934d01690 1 SQL_C_WCHAR 0x104623000 512 0x7ffeebf97538
Writing 514 bytes to 0x104623000
SQLFreeHandle Stmt 0x7ff934d01690
SQLDisconnect 0x7ff934e000a0
SQLFreeHandle Dbc 0x7ff934e000a0
SQLFreeHandle Env 0x7ff934e00070
SQLAllocHandle Env 0x0
new env 0x7fb537900000
SQLSetEnvAttr 0x7fb537900000 SQL_ATTR_ODBC_VERSION 0x3 0
SQLGetEnvAttr 0x7fb537900000 SQL_ATTR_ODBC_VERSION 0x7ffee53bf610 0 0x0
Writing 4 bytes of type SQLINTEGER to 0x7ffee53bf610
SQLAllocHandle Dbc 0x7fb537900000
new dbc 0x7fb537800050
SQLDriverConnect 0x7fb537800050 "Driver=MonetDB;HOST=localhost;PORT=50000;Database=access_logs;UID=monetdb;PWD=monetdb" SQL_DRIVER_NOPROMPT
SQLConnect: DSN=(null) UID=monetdb PWD=monetdb host=localhost port=50000 database=access_logs
ConnectionString: "DSN=DEFAULT;UID=monetdb;PWD=monetdb;HOST=localhost;PORT=50000;DATABASE=access_logs;" 2048
SQLGetFunctions 0x7fb537800050 SQL_API_ODBC3_ALL_FUNCTIONS
SQLAllocStmt 0x7fb537800050
new stmt 0x7fb534f00b50
SQLGetStmtAttr 0x7fb534f00b50 SQL_ATTR_APP_ROW_DESC 0x7ffee53c6b40 8 0x0
Writing 8 bytes of type SQLHANDLE to 0x7ffee53c6b40
SQLGetStmtAttr 0x7fb534f00b50 SQL_ATTR_APP_PARAM_DESC 0x7ffee53c6b40 8 0x0
Writing 8 bytes of type SQLHANDLE to 0x7ffee53c6b40
SQLGetStmtAttr 0x7fb534f00b50 SQL_ATTR_IMP_ROW_DESC 0x7ffee53c6b40 8 0x0
Writing 8 bytes of type SQLHANDLE to 0x7ffee53c6b40
SQLGetStmtAttr 0x7fb534f00b50 SQL_ATTR_IMP_PARAM_DESC 0x7ffee53c6b40 8 0x0
Writing 8 bytes of type SQLHANDLE to 0x7ffee53c6b40
SQLPrepare 0x7fb534f00b50
SQLPrepare: "select 'Lorem ipsum dolor sit amet, consectetur adipiscing elit. Donec magna ligula, sollicitudin nec ultricies sit amet, luctus id est. Nunc cursus pellentesque blandit. Nullam dolor nulla, cursus cursus mattis id, scelerisque eu nisl. Vivamus ornare metus nullam.'"
SQLExecute 0x7fb534f00b50
SQLExecute 0x7fb534f00b50 execute 7 ()
ODBCInitResult: querytype Q_TABLE, rowcount 1
SQLNumResultCols 0x7fb534f00b50
SQLDescribeCol 0x7fb534f00b50 1 0x7ffee53c32fc 512 0x7ffee53c34fc 0x7ffee53c34fe 0x7ffee53c3500 0x7ffee53c3508 0x7ffee53c350a
SQLFreeStmt 0x7fb534f00b50 SQL_RESET_PARAMS
SQLFetch 0x7fb534f00b50
SQLGetData 0x7fb534f00b50 1 SQL_C_CHAR 0x10b223000 512 0x7ffee53c74c0
Writing 257 bytes to 0x10b223000
SQLFetch 0x7fb534f00b50
SQLFreeHandle Stmt 0x7fb534f00b50
SQLDisconnect 0x7fb537800050
SQLFreeHandle Dbc 0x7fb537800050
SQLFreeHandle Env 0x7fb537900000
